<?xml version="1.0" encoding="utf-8"?><testsuites name="pytest tests"><testsuite name="pytest" errors="0" failures="0" skipped="0" tests="6" time="1.255" timestamp="2026-01-30T12:20:44.296083+00:00" hostname="agent-env-5409da0a-5db6-4f63-8437-5df3af130da2"><testcase classname="backend.tests.test_unit_based_system.TestUnitBasedPurchase" name="test_create_purchase_unit_based" time="0.354" /><testcase classname="backend.tests.test_unit_based_system.TestInventoryStoresUnits" name="test_inventory_shows_units" time="0.043" /><testcase classname="backend.tests.test_unit_based_system.TestBillingDeductsUnits" name="test_create_bill_deducts_units" time="0.625" /><testcase classname="backend.tests.test_unit_based_system.TestPurchaseExpandedRowData" name="test_purchase_items_have_unit_fields" time="0.035" /><testcase classname="backend.tests.test_unit_based_system.TestBillPreviewProfit" name="test_bill_preview_profit" time="0.070" /><testcase classname="backend.tests.test_unit_based_system.TestCleanup" name="test_cleanup_test_data" time="0.079" /></testsuite></testsuites>