<?xml version="1.0" encoding="utf-8"?><testsuites name="pytest tests"><testsuite name="pytest" errors="0" failures="0" skipped="0" tests="23" time="4.460" timestamp="2026-02-03T05:50:52.072097+00:00" hostname="agent-env-e6452799-658c-4866-9829-3f65a9087916"><testcase classname="backend.tests.test_node_migration.TestAuthEndpoints" name="test_health_check" time="0.072" /><testcase classname="backend.tests.test_node_migration.TestAuthEndpoints" name="test_login_success" time="0.326" /><testcase classname="backend.tests.test_node_migration.TestAuthEndpoints" name="test_login_invalid_credentials" time="0.042" /><testcase classname="backend.tests.test_node_migration.TestAuthEndpoints" name="test_auth_me_endpoint" time="0.371" /><testcase classname="backend.tests.test_node_migration.TestAuthEndpoints" name="test_auth_me_without_token" time="0.040" /><testcase classname="backend.tests.test_node_migration.TestDashboardEndpoints" name="test_dashboard_stats" time="0.373" /><testcase classname="backend.tests.test_node_migration.TestDashboardEndpoints" name="test_dashboard_sales_trend" time="0.035" /><testcase classname="backend.tests.test_node_migration.TestDashboardEndpoints" name="test_dashboard_debt_summary" time="0.040" /><testcase classname="backend.tests.test_node_migration.TestDashboardEndpoints" name="test_dashboard_top_products" time="0.043" /><testcase classname="backend.tests.test_node_migration.TestInventoryEndpoints" name="test_inventory_list" time="0.365" /><testcase classname="backend.tests.test_node_migration.TestInventoryEndpoints" name="test_inventory_search" time="0.043" /><testcase classname="backend.tests.test_node_migration.TestInventoryEndpoints" name="test_inventory_search_by_salt" time="0.041" /><testcase classname="backend.tests.test_node_migration.TestInventoryEndpoints" name="test_inventory_alerts" time="0.047" /><testcase classname="backend.tests.test_node_migration.TestSuppliersEndpoints" name="test_suppliers_list" time="0.362" /><testcase classname="backend.tests.test_node_migration.TestSuppliersEndpoints" name="test_supplier_crud" time="0.165" /><testcase classname="backend.tests.test_node_migration.TestCustomersEndpoints" name="test_customers_list" time="0.364" /><testcase classname="backend.tests.test_node_migration.TestCustomersEndpoints" name="test_customer_crud" time="0.156" /><testcase classname="backend.tests.test_node_migration.TestCustomersEndpoints" name="test_customer_search" time="0.038" /><testcase classname="backend.tests.test_node_migration.TestBillsEndpoints" name="test_bills_list" time="0.361" /><testcase classname="backend.tests.test_node_migration.TestBillsEndpoints" name="test_bill_create_and_delete" time="0.158" /><testcase classname="backend.tests.test_node_migration.TestPurchasesEndpoints" name="test_purchases_list" time="0.361" /><testcase classname="backend.tests.test_node_migration.TestPurchasesEndpoints" name="test_purchase_create_and_delete" time="0.153" /><testcase classname="backend.tests.test_node_migration.TestProductsEndpoints" name="test_products_list" time="0.362" /></testsuite></testsuites>