<?xml version="1.0" encoding="utf-8"?><testsuites name="pytest tests"><testsuite name="pytest" errors="0" failures="0" skipped="0" tests="20" time="4.124" timestamp="2026-01-28T17:34:54.994013+00:00" hostname="agent-env-6c8f48f4-ef0d-4cd5-9f63-776b759aa4eb"><testcase classname="backend.tests.test_pharmalogy_features.TestAuthentication" name="test_login_success" time="0.304" /><testcase classname="backend.tests.test_pharmalogy_features.TestAuthentication" name="test_login_invalid_credentials" time="0.045" /><testcase classname="backend.tests.test_pharmalogy_features.TestMedicineSearch" name="test_medicine_search_basic" time="0.345" /><testcase classname="backend.tests.test_pharmalogy_features.TestMedicineSearch" name="test_medicine_search_short_query" time="0.053" /><testcase classname="backend.tests.test_pharmalogy_features.TestMedicineSearch" name="test_medicine_search_various_terms" time="0.548" /><testcase classname="backend.tests.test_pharmalogy_features.TestSuppliers" name="test_get_suppliers" time="0.041" /><testcase classname="backend.tests.test_pharmalogy_features.TestSuppliers" name="test_create_supplier" time="0.050" /><testcase classname="backend.tests.test_pharmalogy_features.TestCSVImport" name="test_csv_columns_endpoint" time="0.038" /><testcase classname="backend.tests.test_pharmalogy_features.TestCSVImport" name="test_csv_import_full_flow" time="0.137" /><testcase classname="backend.tests.test_pharmalogy_features.TestInventoryDeduplication" name="test_inventory_deduplication" time="0.235" /><testcase classname="backend.tests.test_pharmalogy_features.TestNegativeBilling" name="test_negative_billing_preview" time="0.044" /><testcase classname="backend.tests.test_pharmalogy_features.TestNegativeBilling" name="test_negative_billing_create" time="0.042" /><testcase classname="backend.tests.test_pharmalogy_features.TestPDFGeneration" name="test_pdf_generation" time="1.467" /><testcase classname="backend.tests.test_pharmalogy_features.TestDataMigration" name="test_migration_template_download" time="0.143" /><testcase classname="backend.tests.test_pharmalogy_features.TestDataMigration" name="test_migrate_suppliers" time="0.088" /><testcase classname="backend.tests.test_pharmalogy_features.TestDataMigration" name="test_migrate_customers" time="0.041" /><testcase classname="backend.tests.test_pharmalogy_features.TestDataMigration" name="test_migrate_products" time="0.039" /><testcase classname="backend.tests.test_pharmalogy_features.TestDashboard" name="test_dashboard_stats" time="0.039" /><testcase classname="backend.tests.test_pharmalogy_features.TestDashboard" name="test_inventory_alerts" time="0.038" /><testcase classname="backend.tests.test_pharmalogy_features.TestCleanup" name="test_cleanup_test_data" time="0.274" /></testsuite></testsuites>