<?xml version="1.0" encoding="utf-8"?><testsuites name="pytest tests"><testsuite name="pytest" errors="0" failures="0" skipped="0" tests="9" time="3.200" timestamp="2026-01-31T12:00:14.530886+00:00" hostname="agent-env-46b9b7fa-f6ac-4544-8434-22a8a3bc5981"><testcase classname="backend.tests.test_billing_iteration5.TestBillingFeatures" name="test_01_login_success" time="0.566" /><testcase classname="backend.tests.test_billing_iteration5.TestBillingFeatures" name="test_02_inventory_search_endpoint" time="0.293" /><testcase classname="backend.tests.test_billing_iteration5.TestBillingFeatures" name="test_03_create_bill_with_items" time="0.330" /><testcase classname="backend.tests.test_billing_iteration5.TestBillingFeatures" name="test_04_edit_bill_endpoint" time="0.374" /><testcase classname="backend.tests.test_billing_iteration5.TestBillingFeatures" name="test_05_delete_bill_with_restore_inventory" time="0.464" /><testcase classname="backend.tests.test_billing_iteration5.TestBillingFeatures" name="test_06_delete_bill_without_restore" time="0.302" /><testcase classname="backend.tests.test_billing_iteration5.TestBillingFeatures" name="test_07_get_bills_list" time="0.282" /><testcase classname="backend.tests.test_billing_iteration5.TestPurchasesKeyboardShortcuts" name="test_01_get_purchases_list" time="0.264" /><testcase classname="backend.tests.test_billing_iteration5.TestPurchasesKeyboardShortcuts" name="test_02_get_suppliers_list" time="0.271" /></testsuite></testsuites>