<?xml version="1.0" encoding="utf-8"?><testsuites name="pytest tests"><testsuite name="pytest" errors="0" failures="0" skipped="0" tests="9" time="2.935" timestamp="2026-02-02T10:53:22.923892+00:00" hostname="agent-env-46b9b7fa-f6ac-4544-8434-22a8a3bc5981"><testcase classname="backend.tests.test_iteration7_enhancements.TestAuthentication" name="test_login_success" time="0.281" /><testcase classname="backend.tests.test_iteration7_enhancements.TestMedicineSearch" name="test_medicine_search_returns_composition" time="0.397" /><testcase classname="backend.tests.test_iteration7_enhancements.TestMedicineSearch" name="test_medicine_search_ranking_dolo" time="0.330" /><testcase classname="backend.tests.test_iteration7_enhancements.TestInventorySearch" name="test_inventory_search_by_name" time="0.298" /><testcase classname="backend.tests.test_iteration7_enhancements.TestInventorySearch" name="test_inventory_search_by_salt_composition" time="0.298" /><testcase classname="backend.tests.test_iteration7_enhancements.TestInventorySearch" name="test_inventory_search_ranking" time="0.296" /><testcase classname="backend.tests.test_iteration7_enhancements.TestInventoryMainEndpoint" name="test_inventory_main_search_includes_salt" time="0.305" /><testcase classname="backend.tests.test_iteration7_enhancements.TestPurchaseWithMRPPack" name="test_create_purchase_with_mrp_pack" time="0.376" /><testcase classname="backend.tests.test_iteration7_enhancements.TestSuppliers" name="test_get_suppliers" time="0.299" /></testsuite></testsuites>