<?xml version="1.0" encoding="utf-8"?><testsuites name="pytest tests"><testsuite name="pytest" errors="0" failures="0" skipped="0" tests="8" time="2.347" timestamp="2026-01-30T11:21:03.027164+00:00" hostname="agent-env-5409da0a-5db6-4f63-8437-5df3af130da2"><testcase classname="backend.tests.test_purchases_iteration3.TestPurchaseCreateOldFormat" name="test_create_purchase_old_format" time="0.360" /><testcase classname="backend.tests.test_purchases_iteration3.TestPurchaseCreateNewFormat" name="test_create_purchase_new_format" time="0.043" /><testcase classname="backend.tests.test_purchases_iteration3.TestPurchaseUpdate" name="test_update_purchase_basic" time="0.072" /><testcase classname="backend.tests.test_purchases_iteration3.TestPurchaseUpdate" name="test_update_purchase_items" time="0.079" /><testcase classname="backend.tests.test_purchases_iteration3.TestPurchaseUpdate" name="test_update_purchase_with_inventory_sync" time="0.069" /><testcase classname="backend.tests.test_purchases_iteration3.TestPurchasesList" name="test_get_purchases_list" time="0.035" /><testcase classname="backend.tests.test_purchases_iteration3.TestPDFGeneration" name="test_pdf_has_rs_symbol" time="1.375" /><testcase classname="backend.tests.test_purchases_iteration3.TestCleanup" name="test_cleanup_test_purchases" time="0.252" /></testsuite></testsuites>