<?xml version="1.0" encoding="utf-8"?><testsuites name="pytest tests"><testsuite name="pytest" errors="0" failures="1" skipped="0" tests="7" time="2.210" timestamp="2026-02-02T09:04:06.828934+00:00" hostname="agent-env-46b9b7fa-f6ac-4544-8434-22a8a3bc5981"><testcase classname="backend.tests.test_iteration6_enhanced_purchases.TestAuthentication" name="test_login_success" time="0.308" /><testcase classname="backend.tests.test_iteration6_enhanced_purchases.TestEnhancedPurchaseFields" name="test_create_purchase_with_enhanced_fields" time="0.341" /><testcase classname="backend.tests.test_iteration6_enhanced_purchases.TestEnhancedPurchaseFields" name="test_inventory_has_enhanced_fields" time="0.043" /><testcase classname="backend.tests.test_iteration6_enhanced_purchases.TestInventoryPackUnitsFormat" name="test_inventory_returns_pack_info" time="0.298" /><testcase classname="backend.tests.test_iteration6_enhanced_purchases.TestMedicineSearch" name="test_medicine_search_returns_composition" time="0.385" /><testcase classname="backend.tests.test_iteration6_enhanced_purchases.TestPurchaseCalculations" name="test_auto_calculated_fields" time="0.340" /><testcase classname="backend.tests.test_iteration6_enhanced_purchases.TestCleanup" name="test_cleanup_test_purchases" time="0.381"><failure message="TypeError: argument of type 'NoneType' is not iterable">backend/tests/test_iteration6_enhanced_purchases.py:358: in test_cleanup_test_purchases
    if "TEST_" in purchase.get("invoice_no", ""):
       ^^^^^^^^^^^^^^^^^^^^^^^^^^^^^^^^^^^^^^^^^
E   TypeError: argument of type 'NoneType' is not iterable</failure></testcase></testsuite></testsuites>